Started by user [8mha:////4NHeuUs+l/Vd7mUlclg7tdAy3FzNQydAmXsml/h3fok/AAAAmR+LCAAAAAAAAP9b85aBtbiIQTGjNKU4P08vOT+vOD8nVc83PyU1x6OyILUoJzMv2y+/JJUBAhiZGBgqihhk0NSjKDWzXb3RdlLBUSYGJk8GtpzUvPSSDB8G5tKinBIGIZ+sxLJE/ZzEvHT94JKizLx0a6BxUmjGOUNodHsLgAz2EgZe/dLi1CL9rNS87My8YgDGtiJjwgAAAA==[0mjenkins
Running as SYSTEM
Building in workspace /var/jenkins_home/workspace/jenkins test
The recommended git tool is: NONE
using credential ghkdtlwns987
 > /usr/bin/git rev-parse --resolve-git-dir /var/jenkins_home/workspace/jenkins test/.git # timeout=10
Fetching changes from the remote Git repository
 > /usr/bin/git config remote.origin.url https://github.com/ghkdtlwns987/jenkins_test.git # timeout=10
Fetching upstream changes from https://github.com/ghkdtlwns987/jenkins_test.git
 > /usr/bin/git --version # timeout=10
 > git --version # 'git version 2.30.2'
using GIT_ASKPASS to set credentials jenkins test
 > /usr/bin/git fetch --tags --force --progress -- https://github.com/ghkdtlwns987/jenkins_test.git +refs/heads/*:refs/remotes/origin/* # timeout=10
 > /usr/bin/git rev-parse refs/remotes/origin/master^{commit} # timeout=10
Checking out Revision c23c618d03adaee3ac14402e055d8797eaa48d0c (refs/remotes/origin/master)
 > /usr/bin/git config core.sparsecheckout # timeout=10
 > /usr/bin/git checkout -f c23c618d03adaee3ac14402e055d8797eaa48d0c # timeout=10
Commit message: "Update application.properties"
 > /usr/bin/git rev-list --no-walk c23c618d03adaee3ac14402e055d8797eaa48d0c # timeout=10
[Gradle] - Launching build.
[jenkins test] $ /var/jenkins_home/tools/hudson.plugins.gradle.GradleInstallation/gradle_7.6/bin/gradle clean build
Starting a Gradle Daemon (subsequent builds will be faster)
[8mha:////4MzikwuMkOP/uP8/FgX666DA69iij+1coFPeAXTgpQsHAAAAYB+LCAAAAAAAAP9b85aBtbiIQSWjNKU4P0+vIKc0PTOvWC+9KDElJ1XPHUyFJBZn++WXpCqzh62PfDo/h4mBoaKIQQqqJTk/rzgfqNYZQoMUMkAAI0hhAQASWqbMYgAAAA==[0m> Task :clean
[8mha:////4MzikwuMkOP/uP8/FgX666DA69iij+1coFPeAXTgpQsHAAAAYB+LCAAAAAAAAP9b85aBtbiIQSWjNKU4P0+vIKc0PTOvWC+9KDElJ1XPHUyFJBZn++WXpCqzh62PfDo/h4mBoaKIQQqqJTk/rzgfqNYZQoMUMkAAI0hhAQASWqbMYgAAAA==[0m> Task :compileJava
[8mha:////4MzikwuMkOP/uP8/FgX666DA69iij+1coFPeAXTgpQsHAAAAYB+LCAAAAAAAAP9b85aBtbiIQSWjNKU4P0+vIKc0PTOvWC+9KDElJ1XPHUyFJBZn++WXpCqzh62PfDo/h4mBoaKIQQqqJTk/rzgfqNYZQoMUMkAAI0hhAQASWqbMYgAAAA==[0m> Task :processResources
[8mha:////4MzikwuMkOP/uP8/FgX666DA69iij+1coFPeAXTgpQsHAAAAYB+LCAAAAAAAAP9b85aBtbiIQSWjNKU4P0+vIKc0PTOvWC+9KDElJ1XPHUyFJBZn++WXpCqzh62PfDo/h4mBoaKIQQqqJTk/rzgfqNYZQoMUMkAAI0hhAQASWqbMYgAAAA==[0m> Task :classes
[8mha:////4MzikwuMkOP/uP8/FgX666DA69iij+1coFPeAXTgpQsHAAAAYB+LCAAAAAAAAP9b85aBtbiIQSWjNKU4P0+vIKc0PTOvWC+9KDElJ1XPHUyFJBZn++WXpCqzh62PfDo/h4mBoaKIQQqqJTk/rzgfqNYZQoMUMkAAI0hhAQASWqbMYgAAAA==[0m> Task :bootJarMainClassName
[8mha:////4MzikwuMkOP/uP8/FgX666DA69iij+1coFPeAXTgpQsHAAAAYB+LCAAAAAAAAP9b85aBtbiIQSWjNKU4P0+vIKc0PTOvWC+9KDElJ1XPHUyFJBZn++WXpCqzh62PfDo/h4mBoaKIQQqqJTk/rzgfqNYZQoMUMkAAI0hhAQASWqbMYgAAAA==[0m> Task :bootJar
[8mha:////4MzikwuMkOP/uP8/FgX666DA69iij+1coFPeAXTgpQsHAAAAYB+LCAAAAAAAAP9b85aBtbiIQSWjNKU4P0+vIKc0PTOvWC+9KDElJ1XPHUyFJBZn++WXpCqzh62PfDo/h4mBoaKIQQqqJTk/rzgfqNYZQoMUMkAAI0hhAQASWqbMYgAAAA==[0m> Task :jar
[8mha:////4MzikwuMkOP/uP8/FgX666DA69iij+1coFPeAXTgpQsHAAAAYB+LCAAAAAAAAP9b85aBtbiIQSWjNKU4P0+vIKc0PTOvWC+9KDElJ1XPHUyFJBZn++WXpCqzh62PfDo/h4mBoaKIQQqqJTk/rzgfqNYZQoMUMkAAI0hhAQASWqbMYgAAAA==[0m> Task :assemble
[8mha:////4MzikwuMkOP/uP8/FgX666DA69iij+1coFPeAXTgpQsHAAAAYB+LCAAAAAAAAP9b85aBtbiIQSWjNKU4P0+vIKc0PTOvWC+9KDElJ1XPHUyFJBZn++WXpCqzh62PfDo/h4mBoaKIQQqqJTk/rzgfqNYZQoMUMkAAI0hhAQASWqbMYgAAAA==[0m> Task :compileTestJava
[8mha:////4MzikwuMkOP/uP8/FgX666DA69iij+1coFPeAXTgpQsHAAAAYB+LCAAAAAAAAP9b85aBtbiIQSWjNKU4P0+vIKc0PTOvWC+9KDElJ1XPHUyFJBZn++WXpCqzh62PfDo/h4mBoaKIQQqqJTk/rzgfqNYZQoMUMkAAI0hhAQASWqbMYgAAAA==[0m> Task :processTestResources NO-SOURCE
[8mha:////4MzikwuMkOP/uP8/FgX666DA69iij+1coFPeAXTgpQsHAAAAYB+LCAAAAAAAAP9b85aBtbiIQSWjNKU4P0+vIKc0PTOvWC+9KDElJ1XPHUyFJBZn++WXpCqzh62PfDo/h4mBoaKIQQqqJTk/rzgfqNYZQoMUMkAAI0hhAQASWqbMYgAAAA==[0m> Task :testClasses

[8mha:////4MzikwuMkOP/uP8/FgX666DA69iij+1coFPeAXTgpQsHAAAAYB+LCAAAAAAAAP9b85aBtbiIQSWjNKU4P0+vIKc0PTOvWC+9KDElJ1XPHUyFJBZn++WXpCqzh62PfDo/h4mBoaKIQQqqJTk/rzgfqNYZQoMUMkAAI0hhAQASWqbMYgAAAA==[0m> Task :test
2023-01-16 02:14:51.149  INFO 2899 --- [ionShutdownHook] com.zaxxer.hikari.HikariDataSource       : HikariPool-1 - Shutdown initiated...
2023-01-16 02:14:51.157  INFO 2899 --- [ionShutdownHook] com.zaxxer.hikari.HikariDataSource       : HikariPool-1 - Shutdown completed.

[8mha:////4MzikwuMkOP/uP8/FgX666DA69iij+1coFPeAXTgpQsHAAAAYB+LCAAAAAAAAP9b85aBtbiIQSWjNKU4P0+vIKc0PTOvWC+9KDElJ1XPHUyFJBZn++WXpCqzh62PfDo/h4mBoaKIQQqqJTk/rzgfqNYZQoMUMkAAI0hhAQASWqbMYgAAAA==[0m> Task :check
[8mha:////4MzikwuMkOP/uP8/FgX666DA69iij+1coFPeAXTgpQsHAAAAYB+LCAAAAAAAAP9b85aBtbiIQSWjNKU4P0+vIKc0PTOvWC+9KDElJ1XPHUyFJBZn++WXpCqzh62PfDo/h4mBoaKIQQqqJTk/rzgfqNYZQoMUMkAAI0hhAQASWqbMYgAAAA==[0m> Task :build

[8mha:////4G7lLNlWE/phiIfMb4t7V0tWE74xp5bbcbMrz99LMGRcAAAAYx+LCAAAAAAAAP9b85aBtbiIQT2jNKU4P0+vIKc0PTOvWC+9KDElJ1XPHUz5l5Yk5+em+uWXpNbNmqZ4mHPZIiYGhooiBimoruT8vOJ8oHJnCA1SyAABjCCFBQBI197DZQAAAA==[0mBUILD SUCCESSFUL in 8s
8 actionable tasks: 8 executed
Build step 'Invoke Gradle script' changed build result to SUCCESS
[Gradle] - Launching build.
[jenkins test] $ "/var/jenkins_home/workspace/jenkins test/gradlew" bootJar
FATAL: command execution failed
java.io.IOException: Cannot run program "/var/jenkins_home/workspace/jenkins test/gradlew" (in directory "/var/jenkins_home/workspace/jenkins test"): error=13, Permission denied
	at java.base/java.lang.ProcessBuilder.start(ProcessBuilder.java:1128)
	at java.base/java.lang.ProcessBuilder.start(ProcessBuilder.java:1071)
	at hudson.Proc$LocalProc.<init>(Proc.java:254)
	at hudson.Proc$LocalProc.<init>(Proc.java:223)
	at hudson.Launcher$LocalLauncher.launch(Launcher.java:997)
	at hudson.Launcher$ProcStarter.start(Launcher.java:509)
	at hudson.Launcher$ProcStarter.join(Launcher.java:520)
	at hudson.plugins.gradle.Gradle.perform(Gradle.java:318)
	at hudson.tasks.BuildStepMonitor$1.perform(BuildStepMonitor.java:20)
	at hudson.model.AbstractBuild$AbstractBuildExecution.perform(AbstractBuild.java:818)
	at hudson.model.Build$BuildExecution.build(Build.java:199)
	at hudson.model.Build$BuildExecution.doRun(Build.java:164)
	at hudson.model.AbstractBuild$AbstractBuildExecution.run(AbstractBuild.java:526)
	at hudson.model.Run.execute(Run.java:1900)
	at hudson.model.FreeStyleBuild.run(FreeStyleBuild.java:44)
	at hudson.model.ResourceController.execute(ResourceController.java:107)
	at hudson.model.Executor.run(Executor.java:449)
Caused by: java.io.IOException: error=13, Permission denied
	at java.base/java.lang.ProcessImpl.forkAndExec(Native Method)
	at java.base/java.lang.ProcessImpl.<init>(ProcessImpl.java:340)
	at java.base/java.lang.ProcessImpl.start(ProcessImpl.java:271)
	at java.base/java.lang.ProcessBuilder.start(ProcessBuilder.java:1107)
	... 16 more
Build step 'Invoke Gradle script' changed build result to FAILURE
Build step 'Invoke Gradle script' marked build as failure
Finished: FAILURE
